Android/3D Cave Runner - Android Studio/app/build/outputs/logs/manifest-merger-debug-report.txt
-- Merging decision tree log ---
manifest
ADDED from src/main/AndroidManifest.xml:2:1-29:12
	package
		ADDED from src/main/AndroidManifest.xml:2:70-103
		INJECTED from src/main/AndroidManifest.xml
		INJECTED from src/main/AndroidManifest.xml
	android:versionName
		ADDED from src/main/AndroidManifest.xml:2:104-131
		INJECTED from src/main/AndroidManifest.xml
		INJECTED from src/main/AndroidManifest.xml
	android:versionCode
		ADDED from src/main/AndroidManifest.xml:2:132-155
		INJECTED from src/main/AndroidManifest.xml
		INJECTED from src/main/AndroidManifest.xml
	xmlns:android
		ADDED from src/main/AndroidManifest.xml:2:11-69
	android:installLocation
		ADDED from src/main/AndroidManifest.xml:2:156-196
supports-screens
ADDED from src/main/AndroidManifest.xml:3:3-163
	android:largeScreens
		ADDED from src/main/AndroidManifest.xml:3:78-105
	android:smallScreens
		ADDED from src/main/AndroidManifest.xml:3:21-48
	android:normalScreens
		ADDED from src/main/AndroidManifest.xml:3:49-77
	android:xlargeScreens
		ADDED from src/main/AndroidManifest.xml:3:106-134
	android:anyDensity
		ADDED from src/main/AndroidManifest.xml:3:135-160
application
ADDED from src/main/AndroidManifest.xml:4:3-22:17
MERGED from [com.skillz.sdk:skillz-sdk-android:3.0-SNAPSHOT] AndroidManifest.xml:38:5-128:19
MERGED from [com.android.support:support-v4:23.1.1] AndroidManifest.xml:22:5-20
MERGED from [com.android.support:appcompat-v7:23.0.1] AndroidManifest.xml:22:5-20
MERGED from [com.android.support:support-v4:23.1.1] AndroidManifest.xml:22:5-20
MERGED from [com.android.support:support-v4:23.1.1] AndroidManifest.xml:22:5-20
MERGED from [com.google.android.gms:play-services-gcm:9.2.1] AndroidManifest.xml:24:5-20
MERGED from [com.google.android.gms:play-services-base:9.2.1] AndroidManifest.xml:19:5-23:19
MERGED from [com.google.android.gms:play-services-basement:9.2.1] AndroidManifest.xml:20:5-24:19
MERGED from [com.android.support:support-v4:23.1.1] AndroidManifest.xml:22:5-20
MERGED from [com.google.android.gms:play-services-tasks:9.2.1] AndroidManifest.xml:5:5-20
MERGED from [com.google.android.gms:play-services-basement:9.2.1] AndroidManifest.xml:20:5-24:19
MERGED from [com.android.support:support-v4:23.1.1] AndroidManifest.xml:22:5-20
MERGED from [com.google.android.gms:play-services-basement:9.2.1] AndroidManifest.xml:20:5-24:19
MERGED from [com.android.support:support-v4:23.1.1] AndroidManifest.xml:22:5-20
MERGED from [com.google.android.gms:play-services-iid:9.2.1] AndroidManifest.xml:24:5-20
MERGED from [com.google.android.gms:play-services-base:9.2.1] AndroidManifest.xml:19:5-23:19
MERGED from [com.google.android.gms:play-services-basement:9.2.1] AndroidManifest.xml:20:5-24:19
MERGED from [com.android.support:support-v4:23.1.1] AndroidManifest.xml:22:5-20
MERGED from [com.google.android.gms:play-services-tasks:9.2.1] AndroidManifest.xml:5:5-20
MERGED from [com.google.android.gms:play-services-basement:9.2.1] AndroidManifest.xml:20:5-24:19
MERGED from [com.android.support:support-v4:23.1.1] AndroidManifest.xml:22:5-20
MERGED from [com.google.android.gms:play-services-basement:9.2.1] AndroidManifest.xml:20:5-24:19
MERGED from [com.android.support:support-v4:23.1.1] AndroidManifest.xml:22:5-20
MERGED from [com.facebook.react:react-native:0.27.2] AndroidManifest.xml:13:5-20
MERGED from [org.webkit:android-jsc:r174650] AndroidManifest.xml:2:3-17
MERGED from [com.android.support:support-v4:23.1.1] AndroidManifest.xml:22:5-20
MERGED from [com.android.support:support-v4:23.1.1] AndroidManifest.xml:22:5-20
MERGED from [com.android.support:support-v4:23.1.1] AndroidManifest.xml:22:5-20
MERGED from [com.android.support:support-v4:23.1.1] AndroidManifest.xml:22:5-20
MERGED from [com.android.support:support-v4:23.1.1] AndroidManifest.xml:22:5-20
MERGED from [com.android.support:support-v4:23.1.1] AndroidManifest.xml:22:5-20
MERGED from [com.android.support:appcompat-v7:23.0.1] AndroidManifest.xml:22:5-20
MERGED from [com.android.support:support-v4:23.1.1] AndroidManifest.xml:22:5-20
MERGED from [com.facebook.react:react-native:0.27.2] AndroidManifest.xml:13:5-20
MERGED from [org.webkit:android-jsc:r174650] AndroidManifest.xml:2:3-17
MERGED from [com.android.support:support-v4:23.1.1] AndroidManifest.xml:22:5-20
MERGED from [com.android.support:support-v4:23.1.1] AndroidManifest.xml:22:5-20
MERGED from [com.android.support:support-v4:23.1.1] AndroidManifest.xml:22:5-20
MERGED from [com.android.support:support-v4:23.1.1] AndroidManifest.xml:22:5-20
MERGED from [com.android.support:support-v4:23.1.1] AndroidManifest.xml:22:5-20
MERGED from [com.android.support:support-v4:23.1.1] AndroidManifest.xml:22:5-20
MERGED from [com.android.support:appcompat-v7:23.0.1] AndroidManifest.xml:22:5-20
MERGED from [com.android.support:support-v4:23.1.1] AndroidManifest.xml:22:5-20
MERGED from [com.mopub:mopub-sdk:4.7.1] AndroidManifest.xml:11:5-20
MERGED from [com.android.support:support-v4:23.1.1] AndroidManifest.xml:22:5-20
MERGED from [com.android.support:support-v4:23.1.1] AndroidManifest.xml:22:5-20
MERGED from [com.paypal.sdk:paypal-android-sdk:2.14.4] AndroidManifest.xml:12:5-26:19
MERGED from [io.card:android-sdk:5.4.0] AndroidManifest.xml:21:5-26:19
MERGED from [com.android.support:support-v4:23.1.1] AndroidManifest.xml:22:5-20
MERGED from [com.android.support:appcompat-v7:23.0.1] AndroidManifest.xml:22:5-20
MERGED from [com.android.support:support-v4:23.1.1] AndroidManifest.xml:22:5-20
MERGED from [com.android.support:support-v4:23.1.1] AndroidManifest.xml:22:5-20
MERGED from [com.google.android.gms:play-services-gcm:9.2.1] AndroidManifest.xml:24:5-20
MERGED from [com.google.android.gms:play-services-base:9.2.1] AndroidManifest.xml:19:5-23:19
MERGED from [com.google.android.gms:play-services-basement:9.2.1] AndroidManifest.xml:20:5-24:19
MERGED from [com.android.support:support-v4:23.1.1] AndroidManifest.xml:22:5-20
MERGED from [com.google.android.gms:play-services-tasks:9.2.1] AndroidManifest.xml:5:5-20
MERGED from [com.google.android.gms:play-services-basement:9.2.1] AndroidManifest.xml:20:5-24:19
MERGED from [com.android.support:support-v4:23.1.1] AndroidManifest.xml:22:5-20
MERGED from [com.google.android.gms:play-services-basement:9.2.1] AndroidManifest.xml:20:5-24:19
MERGED from [com.android.support:support-v4:23.1.1] AndroidManifest.xml:22:5-20
MERGED from [com.google.android.gms:play-services-iid:9.2.1] AndroidManifest.xml:24:5-20
MERGED from [com.google.android.gms:play-services-base:9.2.1] AndroidManifest.xml:19:5-23:19
MERGED from [com.google.android.gms:play-services-basement:9.2.1] AndroidManifest.xml:20:5-24:19
MERGED from [com.android.support:support-v4:23.1.1] AndroidManifest.xml:22:5-20
MERGED from [com.google.android.gms:play-services-tasks:9.2.1] AndroidManifest.xml:5:5-20
MERGED from [com.google.android.gms:play-services-basement:9.2.1] AndroidManifest.xml:20:5-24:19
MERGED from [com.android.support:support-v4:23.1.1] AndroidManifest.xml:22:5-20
MERGED from [com.google.android.gms:play-services-basement:9.2.1] AndroidManifest.xml:20:5-24:19
MERGED from [com.android.support:support-v4:23.1.1] AndroidManifest.xml:22:5-20
MERGED from [com.crashlytics.sdk.android:crashlytics:2.5.2] AndroidManifest.xml:11:5-20
MERGED from [com.crashlytics.sdk.android:answers:1.3.2] AndroidManifest.xml:11:5-20
MERGED from [io.fabric.sdk.android:fabric:1.3.6] AndroidManifest.xml:27:5-20
MERGED from [io.fabric.sdk.android:fabric:1.3.6] AndroidManifest.xml:27:5-20
MERGED from [com.crashlytics.sdk.android:crashlytics-core:2.3.5] AndroidManifest.xml:11:5-20
MERGED from [com.crashlytics.sdk.android:answers:1.3.2] AndroidManifest.xml:11:5-20
MERGED from [io.fabric.sdk.android:fabric:1.3.6] AndroidManifest.xml:27:5-20
MERGED from [io.fabric.sdk.android:fabric:1.3.6] AndroidManifest.xml:27:5-20
MERGED from [com.crashlytics.sdk.android:beta:1.1.3] AndroidManifest.xml:9:5-20
	android:label
		ADDED from src/main/AndroidManifest.xml:4:109-141
	android:debuggable
		ADDED from src/main/AndroidManifest.xml:4:142-168
	android:icon
		ADDED from src/main/AndroidManifest.xml:4:75-108
	android:largeHeap
		ADDED from [com.skillz.sdk:skillz-sdk-android:3.0-SNAPSHOT] AndroidManifest.xml:38:18-42
	android:theme
		ADDED from src/main/AndroidManifest.xml:4:16-74
	android:name
		ADDED from src/main/AndroidManifest.xml:4:169-228
activity#com.skillzgames.caverun.UnityPlayerNativeActivity
ADDED from src/main/AndroidManifest.xml:5:5-13:16
	android:screenOrientation
		ADDED from src/main/AndroidManifest.xml:5:48-84
	android:label
		ADDED from src/main/AndroidManifest.xml:5:15-47
	android:launchMode
		ADDED from src/main/AndroidManifest.xml:5:85-116
	android:configChanges
		ADDED from src/main/AndroidManifest.xml:5:117-274
	android:name
		ADDED from src/main/AndroidManifest.xml:5:275-339
intent-filter#android.intent.action.MAIN+android.intent.category.LAUNCHER+android.intent.category.LEANBACK_LAUNCHER
ADDED from src/main/AndroidManifest.xml:6:7-10:23
action#android.intent.action.MAIN
ADDED from src/main/AndroidManifest.xml:7:9-61
	android:name
		ADDED from src/main/AndroidManifest.xml:7:17-58
category#android.intent.category.LAUNCHER
ADDED from src/main/AndroidManifest.xml:8:9-69
	android:name
		ADDED from src/main/AndroidManifest.xml:8:19-66
category#android.intent.category.LEANBACK_LAUNCHER
ADDED from src/main/AndroidManifest.xml:9:9-78
	android:name
		ADDED from src/main/AndroidManifest.xml:9:19-75
meta-data#unityplayer.UnityActivity
ADDED from src/main/AndroidManifest.xml:11:7-82
	android:value
		ADDED from src/main/AndroidManifest.xml:11:59-79
	android:name
		ADDED from src/main/AndroidManifest.xml:11:18-58
meta-data#unityplayer.ForwardNativeEventsToDalvik
ADDED from src/main/AndroidManifest.xml:12:7-97
	android:value
		ADDED from src/main/AndroidManifest.xml:12:73-94
	android:name
		ADDED from src/main/AndroidManifest.xml:12:18-72
meta-data#skillz_game_id
ADDED from src/main/AndroidManifest.xml:15:5-69
	android:value
		ADDED from src/main/AndroidManifest.xml:15:46-66
	android:name
		ADDED from src/main/AndroidManifest.xml:15:16-45
meta-data#skillz_production
ADDED from src/main/AndroidManifest.xml:16:5-73
	android:value
		ADDED from src/main/AndroidManifest.xml:16:49-70
	android:name
		ADDED from src/main/AndroidManifest.xml:16:16-48
meta-data#skillz_orientation
ADDED from src/main/AndroidManifest.xml:17:5-77
	android:value
		ADDED from src/main/AndroidManifest.xml:17:50-74
	android:name
		ADDED from src/main/AndroidManifest.xml:17:16-49
meta-data#skillz_game_activity
ADDED from src/main/AndroidManifest.xml:18:5-71
	android:value
		ADDED from src/main/AndroidManifest.xml:18:52-68
	android:name
		ADDED from src/main/AndroidManifest.xml:18:16-51
meta-data#skillz_allow_exit
ADDED from src/main/AndroidManifest.xml:19:5-72
	android:value
		ADDED from src/main/AndroidManifest.xml:19:49-69
	android:name
		ADDED from src/main/AndroidManifest.xml:19:16-48
meta-data#skillz_is_unity
ADDED from src/main/AndroidManifest.xml:20:5-70
	android:value
		ADDED from src/main/AndroidManifest.xml:20:47-67
	android:name
		ADDED from src/main/AndroidManifest.xml:20:16-46
uses-sdk
ADDED from src/main/AndroidManifest.xml:23:3-72
MERGED from [com.android.support:multidex:1.0.1] AndroidManifest.xml:18:5-42
MERGED from [com.skillz.sdk:skillz-sdk-android:3.0-SNAPSHOT] AndroidManifest.xml:7:5-9:41
MERGED from [com.android.support:support-v4:23.1.1] AndroidManifest.xml:20:5-43
MERGED from [com.android.support:appcompat-v7:23.0.1] AndroidManifest.xml:20:5-43
MERGED from [com.android.support:support-v4:23.1.1] AndroidManifest.xml:20:5-43
MERGED from [com.android.support:recyclerview-v7:23.1.1] AndroidManifest.xml:20:5-43
MERGED from [com.android.support:support-v4:23.1.1] AndroidManifest.xml:20:5-43
MERGED from [com.google.android.gms:play-services-gcm:9.2.1] AndroidManifest.xml:18:5-42
MERGED from [com.google.android.gms:play-services-base:9.2.1] AndroidManifest.xml:18:5-42
MERGED from [com.google.android.gms:play-services-basement:9.2.1] AndroidManifest.xml:18:5-42
MERGED from [com.android.support:support-v4:23.1.1] AndroidManifest.xml:20:5-43
MERGED from [com.google.android.gms:play-services-tasks:9.2.1] AndroidManifest.xml:4:5-43
MERGED from [com.google.android.gms:play-services-basement:9.2.1] AndroidManifest.xml:18:5-42
MERGED from [com.android.support:support-v4:23.1.1] AndroidManifest.xml:20:5-43
MERGED from [com.google.android.gms:play-services-basement:9.2.1] AndroidManifest.xml:18:5-42
MERGED from [com.android.support:support-v4:23.1.1] AndroidManifest.xml:20:5-43
MERGED from [com.google.android.gms:play-services-iid:9.2.1] AndroidManifest.xml:18:5-42
MERGED from [com.google.android.gms:play-services-base:9.2.1] AndroidManifest.xml:18:5-42
MERGED from [com.google.android.gms:play-services-basement:9.2.1] AndroidManifest.xml:18:5-42
MERGED from [com.android.support:support-v4:23.1.1] AndroidManifest.xml:20:5-43
MERGED from [com.google.android.gms:play-services-tasks:9.2.1] AndroidManifest.xml:4:5-43
MERGED from [com.google.android.gms:play-services-basement:9.2.1] AndroidManifest.xml:18:5-42
MERGED from [com.android.support:support-v4:23.1.1] AndroidManifest.xml:20:5-43
MERGED from [com.google.android.gms:play-services-basement:9.2.1] AndroidManifest.xml:18:5-42
MERGED from [com.android.support:support-v4:23.1.1] AndroidManifest.xml:20:5-43
MERGED from [com.facebook.react:react-native:0.27.2] AndroidManifest.xml:7:5-9:41
MERGED from [com.facebook.fresco:fresco:0.10.0] AndroidManifest.xml:5:5-7:41
MERGED from [com.facebook.fresco:drawee:0.10.0] AndroidManifest.xml:5:5-7:41
MERGED from [com.android.support:support-v4:23.1.1] AndroidManifest.xml:20:5-43
MERGED from [com.facebook.fresco:fbcore:0.10.0] AndroidManifest.xml:5:5-7:41
MERGED from [com.facebook.fresco:fbcore:0.10.0] AndroidManifest.xml:5:5-7:41
MERGED from [com.facebook.fresco:imagepipeline:0.10.0] AndroidManifest.xml:5:5-7:41
MERGED from [com.android.support:support-v4:23.1.1] AndroidManifest.xml:20:5-43
MERGED from [com.facebook.fresco:fbcore:0.10.0] AndroidManifest.xml:5:5-7:41
MERGED from [com.facebook.fresco:imagepipeline-base:0.10.0] AndroidManifest.xml:5:5-7:41
MERGED from [com.android.support:support-v4:23.1.1] AndroidManifest.xml:20:5-43
MERGED from [com.facebook.fresco:fbcore:0.10.0] AndroidManifest.xml:5:5-7:41
MERGED from [com.facebook.fresco:imagepipeline-okhttp3:0.10.0] AndroidManifest.xml:5:5-7:41
MERGED from [com.facebook.fresco:fbcore:0.10.0] AndroidManifest.xml:5:5-7:41
MERGED from [com.facebook.fresco:imagepipeline:0.10.0] AndroidManifest.xml:5:5-7:41
MERGED from [com.android.support:support-v4:23.1.1] AndroidManifest.xml:20:5-43
MERGED from [com.facebook.fresco:fbcore:0.10.0] AndroidManifest.xml:5:5-7:41
MERGED from [com.facebook.fresco:imagepipeline-base:0.10.0] AndroidManifest.xml:5:5-7:41
MERGED from [com.android.support:support-v4:23.1.1] AndroidManifest.xml:20:5-43
MERGED from [com.facebook.fresco:fbcore:0.10.0] AndroidManifest.xml:5:5-7:41
MERGED from [com.android.support:recyclerview-v7:23.1.1] AndroidManifest.xml:20:5-43
MERGED from [com.android.support:support-v4:23.1.1] AndroidManifest.xml:20:5-43
MERGED from [com.android.support:appcompat-v7:23.0.1] AndroidManifest.xml:20:5-43
MERGED from [com.android.support:support-v4:23.1.1] AndroidManifest.xml:20:5-43
MERGED from [com.BV:react-native-linear-gradient:1.5.12] AndroidManifest.xml:7:5-9:41
MERGED from [com.facebook.react:react-native:0.27.2] AndroidManifest.xml:7:5-9:41
MERGED from [com.facebook.fresco:fresco:0.10.0] AndroidManifest.xml:5:5-7:41
MERGED from [com.facebook.fresco:drawee:0.10.0] AndroidManifest.xml:5:5-7:41
MERGED from [com.android.support:support-v4:23.1.1] AndroidManifest.xml:20:5-43
MERGED from [com.facebook.fresco:fbcore:0.10.0] AndroidManifest.xml:5:5-7:41
MERGED from [com.facebook.fresco:fbcore:0.10.0] AndroidManifest.xml:5:5-7:41
MERGED from [com.facebook.fresco:imagepipeline:0.10.0] AndroidManifest.xml:5:5-7:41
MERGED from [com.android.support:support-v4:23.1.1] AndroidManifest.xml:20:5-43
MERGED from [com.facebook.fresco:fbcore:0.10.0] AndroidManifest.xml:5:5-7:41
MERGED from [com.facebook.fresco:imagepipeline-base:0.10.0] AndroidManifest.xml:5:5-7:41
MERGED from [com.android.support:support-v4:23.1.1] AndroidManifest.xml:20:5-43
MERGED from [com.facebook.fresco:fbcore:0.10.0] AndroidManifest.xml:5:5-7:41
MERGED from [com.facebook.fresco:imagepipeline-okhttp3:0.10.0] AndroidManifest.xml:5:5-7:41
MERGED from [com.facebook.fresco:fbcore:0.10.0] AndroidManifest.xml:5:5-7:41
MERGED from [com.facebook.fresco:imagepipeline:0.10.0] AndroidManifest.xml:5:5-7:41
MERGED from [com.android.support:support-v4:23.1.1] AndroidManifest.xml:20:5-43
MERGED from [com.facebook.fresco:fbcore:0.10.0] AndroidManifest.xml:5:5-7:41
MERGED from [com.facebook.fresco:imagepipeline-base:0.10.0] AndroidManifest.xml:5:5-7:41
MERGED from [com.android.support:support-v4:23.1.1] AndroidManifest.xml:20:5-43
MERGED from [com.facebook.fresco:fbcore:0.10.0] AndroidManifest.xml:5:5-7:41
MERGED from [com.android.support:recyclerview-v7:23.1.1] AndroidManifest.xml:20:5-43
MERGED from [com.android.support:support-v4:23.1.1] AndroidManifest.xml:20:5-43
MERGED from [com.android.support:appcompat-v7:23.0.1] AndroidManifest.xml:20:5-43
MERGED from [com.android.support:support-v4:23.1.1] AndroidManifest.xml:20:5-43
MERGED from [com.mopub:mopub-sdk:4.7.1] AndroidManifest.xml:7:5-9:41
MERGED from [com.android.support:recyclerview-v7:23.1.1] AndroidManifest.xml:20:5-43
MERGED from [com.android.support:support-v4:23.1.1] AndroidManifest.xml:20:5-43
MERGED from [com.android.support:support-v4:23.1.1] AndroidManifest.xml:20:5-43
MERGED from [com.google.android.exoplayer:exoplayer:r1.5.6] AndroidManifest.xml:24:5-26:41
MERGED from [com.paypal.sdk:paypal-android-sdk:2.14.4] AndroidManifest.xml:5:5-7:41
MERGED from [io.card:android-sdk:5.4.0] AndroidManifest.xml:7:5-9:41
MERGED from [com.android.support:support-v4:23.1.1] AndroidManifest.xml:20:5-43
MERGED from [com.android.support:appcompat-v7:23.0.1] AndroidManifest.xml:20:5-43
MERGED from [com.android.support:support-v4:23.1.1] AndroidManifest.xml:20:5-43
MERGED from [com.android.support:recyclerview-v7:23.1.1] AndroidManifest.xml:20:5-43
MERGED from [com.android.support:support-v4:23.1.1] AndroidManifest.xml:20:5-43
MERGED from [com.google.android.gms:play-services-gcm:9.2.1] AndroidManifest.xml:18:5-42
MERGED from [com.google.android.gms:play-services-base:9.2.1] AndroidManifest.xml:18:5-42
MERGED from [com.google.android.gms:play-services-basement:9.2.1] AndroidManifest.xml:18:5-42
MERGED from [com.android.support:support-v4:23.1.1] AndroidManifest.xml:20:5-43
MERGED from [com.google.android.gms:play-services-tasks:9.2.1] AndroidManifest.xml:4:5-43
MERGED from [com.google.android.gms:play-services-basement:9.2.1] AndroidManifest.xml:18:5-42
MERGED from [com.android.support:support-v4:23.1.1] AndroidManifest.xml:20:5-43
MERGED from [com.google.android.gms:play-services-basement:9.2.1] AndroidManifest.xml:18:5-42
MERGED from [com.android.support:support-v4:23.1.1] AndroidManifest.xml:20:5-43
MERGED from [com.google.android.gms:play-services-iid:9.2.1] AndroidManifest.xml:18:5-42
MERGED from [com.google.android.gms:play-services-base:9.2.1] AndroidManifest.xml:18:5-42
MERGED from [com.google.android.gms:play-services-basement:9.2.1] AndroidManifest.xml:18:5-42
MERGED from [com.android.support:support-v4:23.1.1] AndroidManifest.xml:20:5-43
MERGED from [com.google.android.gms:play-services-tasks:9.2.1] AndroidManifest.xml:4:5-43
MERGED from [com.google.android.gms:play-services-basement:9.2.1] AndroidManifest.xml:18:5-42
MERGED from [com.android.support:support-v4:23.1.1] AndroidManifest.xml:20:5-43
MERGED from [com.google.android.gms:play-services-basement:9.2.1] AndroidManifest.xml:18:5-42
MERGED from [com.android.support:support-v4:23.1.1] AndroidManifest.xml:20:5-43
MERGED from [com.crashlytics.sdk.android:crashlytics:2.5.2] AndroidManifest.xml:7:5-43
MERGED from [com.crashlytics.sdk.android:answers:1.3.2] AndroidManifest.xml:7:5-43
MERGED from [io.fabric.sdk.android:fabric:1.3.6] AndroidManifest.xml:23:5-43
MERGED from [io.fabric.sdk.android:fabric:1.3.6] AndroidManifest.xml:23:5-43
MERGED from [com.crashlytics.sdk.android:crashlytics-core:2.3.5] AndroidManifest.xml:7:5-43
MERGED from [com.crashlytics.sdk.android:answers:1.3.2] AndroidManifest.xml:7:5-43
MERGED from [io.fabric.sdk.android:fabric:1.3.6] AndroidManifest.xml:23:5-43
MERGED from [io.fabric.sdk.android:fabric:1.3.6] AndroidManifest.xml:23:5-43
MERGED from [com.crashlytics.sdk.android:beta:1.1.3] AndroidManifest.xml:7:5-43
	android:targetSdkVersion
		ADDED from src/main/AndroidManifest.xml:23:40-69
		INJECTED from src/main/AndroidManifest.xml
		INJECTED from src/main/AndroidManifest.xml
	android:minSdkVersion
		ADDED from src/main/AndroidManifest.xml:23:13-39
		INJECTED from src/main/AndroidManifest.xml
		INJECTED from src/main/AndroidManifest.xml
uses-feature#0x00020000
ADDED from src/main/AndroidManifest.xml:24:3-52
	android:glEsVersion
		ADDED from src/main/AndroidManifest.xml:24:17-49
uses-feature#android.hardware.sensor.accelerometer
ADDED from src/main/AndroidManifest.xml:25:3-97
	android:required
		ADDED from src/main/AndroidManifest.xml:25:70-94
	android:name
		ADDED from src/main/AndroidManifest.xml:25:17-69
uses-feature#android.hardware.touchscreen
ADDED from src/main/AndroidManifest.xml:26:3-88
	android:required
		ADDED from src/main/AndroidManifest.xml:26:61-85
	android:name
		ADDED from src/main/AndroidManifest.xml:26:17-60
uses-feature#android.hardware.touchscreen.multitouch
ADDED from src/main/AndroidManifest.xml:27:3-99
	android:required
		ADDED from src/main/AndroidManifest.xml:27:72-96
	android:name
		ADDED from src/main/AndroidManifest.xml:27:17-71
uses-feature#android.hardware.touchscreen.multitouch.distinct
ADDED from src/main/AndroidManifest.xml:28:3-108
	android:required
		ADDED from src/main/AndroidManifest.xml:28:81-105
	android:name
		ADDED from src/main/AndroidManifest.xml:28:17-80
uses-permission#android.permission.INTERNET
ADDED from [com.skillz.sdk:skillz-sdk-android:3.0-SNAPSHOT] AndroidManifest.xml:11:5-67
MERGED from [com.google.android.gms:play-services-gcm:9.2.1] AndroidManifest.xml:22:5-67
MERGED from [com.google.android.gms:play-services-iid:9.2.1] AndroidManifest.xml:22:5-67
MERGED from [com.paypal.sdk:paypal-android-sdk:2.14.4] AndroidManifest.xml:10:5-67
MERGED from [com.google.android.gms:play-services-gcm:9.2.1] AndroidManifest.xml:22:5-67
MERGED from [com.google.android.gms:play-services-iid:9.2.1] AndroidManifest.xml:22:5-67
MERGED from [com.crashlytics.sdk.android:crashlytics:2.5.2] AndroidManifest.xml:9:5-67
MERGED from [com.crashlytics.sdk.android:answers:1.3.2] AndroidManifest.xml:9:5-67
MERGED from [io.fabric.sdk.android:fabric:1.3.6] AndroidManifest.xml:25:5-67
MERGED from [io.fabric.sdk.android:fabric:1.3.6] AndroidManifest.xml:25:5-67
MERGED from [com.crashlytics.sdk.android:crashlytics-core:2.3.5] AndroidManifest.xml:9:5-67
MERGED from [com.crashlytics.sdk.android:answers:1.3.2] AndroidManifest.xml:9:5-67
MERGED from [io.fabric.sdk.android:fabric:1.3.6] AndroidManifest.xml:25:5-67
MERGED from [io.fabric.sdk.android:fabric:1.3.6] AndroidManifest.xml:25:5-67
	android:name
		ADDED from [com.skillz.sdk:skillz-sdk-android:3.0-SNAPSHOT] AndroidManifest.xml:11:22-64
uses-permission#android.permission.READ_EXTERNAL_STORAGE
ADDED from [com.skillz.sdk:skillz-sdk-android:3.0-SNAPSHOT] AndroidManifest.xml:12:5-80
	android:name
		ADDED from [com.skillz.sdk:skillz-sdk-android:3.0-SNAPSHOT] AndroidManifest.xml:12:22-77
uses-permission#android.permission.WRITE_EXTERNAL_STORAGE
ADDED from [com.skillz.sdk:skillz-sdk-android:3.0-SNAPSHOT] AndroidManifest.xml:13:5-81
	android:name
		ADDED from [com.skillz.sdk:skillz-sdk-android:3.0-SNAPSHOT] AndroidManifest.xml:13:22-78
uses-permission#android.permission.MANAGE_DOCUMENTS
ADDED from [com.skillz.sdk:skillz-sdk-android:3.0-SNAPSHOT] AndroidManifest.xml:14:5-75
	android:name
		ADDED from [com.skillz.sdk:skillz-sdk-android:3.0-SNAPSHOT] AndroidManifest.xml:14:22-72
uses-permission#android.permission.ACCESS_NETWORK_STATE
ADDED from [com.skillz.sdk:skillz-sdk-android:3.0-SNAPSHOT] AndroidManifest.xml:15:5-79
MERGED from [com.paypal.sdk:paypal-android-sdk:2.14.4] AndroidManifest.xml:9:5-79
	android:name
		ADDED from [com.skillz.sdk:skillz-sdk-android:3.0-SNAPSHOT] AndroidManifest.xml:15:22-76
uses-permission#android.permission.READ_PHONE_STATE
ADDED from [com.skillz.sdk:skillz-sdk-android:3.0-SNAPSHOT] AndroidManifest.xml:16:5-75
	android:name
		ADDED from [com.skillz.sdk:skillz-sdk-android:3.0-SNAPSHOT] AndroidManifest.xml:16:22-72
uses-permission#android.permission.ACCESS_FINE_LOCATION
ADDED from [com.skillz.sdk:skillz-sdk-android:3.0-SNAPSHOT] AndroidManifest.xml:17:5-79
	android:name
		ADDED from [com.skillz.sdk:skillz-sdk-android:3.0-SNAPSHOT] AndroidManifest.xml:17:22-76
uses-permission#android.permission.ACCESS_WIFI_STATE
ADDED from [com.skillz.sdk:skillz-sdk-android:3.0-SNAPSHOT] AndroidManifest.xml:18:5-76
	android:name
		ADDED from [com.skillz.sdk:skillz-sdk-android:3.0-SNAPSHOT] AndroidManifest.xml:18:22-73
uses-permission#android.permission.CAPTURE_SECURE_VIDEO_OUTPUT
ADDED from [com.skillz.sdk:skillz-sdk-android:3.0-SNAPSHOT] AndroidManifest.xml:19:5-86
	android:name
		ADDED from [com.skillz.sdk:skillz-sdk-android:3.0-SNAPSHOT] AndroidManifest.xml:19:22-83
uses-permission#android.permission.MANAGE_OVERLAY_PERMISSION
ADDED from [com.skillz.sdk:skillz-sdk-android:3.0-SNAPSHOT] AndroidManifest.xml:20:5-84
	android:name
		ADDED from [com.skillz.sdk:skillz-sdk-android:3.0-SNAPSHOT] AndroidManifest.xml:20:22-81
uses-permission#android.permission.CAMERA
ADDED from [com.skillz.sdk:skillz-sdk-android:3.0-SNAPSHOT] AndroidManifest.xml:23:5-65
MERGED from [io.card:android-sdk:5.4.0] AndroidManifest.xml:11:5-65
	android:name
		ADDED from [com.skillz.sdk:skillz-sdk-android:3.0-SNAPSHOT] AndroidManifest.xml:23:22-62
uses-permission#android.permission.VIBRATE
ADDED from [com.skillz.sdk:skillz-sdk-android:3.0-SNAPSHOT] AndroidManifest.xml:24:5-66
MERGED from [io.card:android-sdk:5.4.0] AndroidManifest.xml:12:5-66
	android:name
		ADDED from [com.skillz.sdk:skillz-sdk-android:3.0-SNAPSHOT] AndroidManifest.xml:24:22-63
uses-feature#android.hardware.camera
ADDED from [com.skillz.sdk:skillz-sdk-android:3.0-SNAPSHOT] AndroidManifest.xml:26:5-28:36
MERGED from [io.card:android-sdk:5.4.0] AndroidManifest.xml:14:5-16:36
	android:required
		ADDED from [com.skillz.sdk:skillz-sdk-android:3.0-SNAPSHOT] AndroidManifest.xml:28:9-33
	android:name
		ADDED from [com.skillz.sdk:skillz-sdk-android:3.0-SNAPSHOT] AndroidManifest.xml:27:9-47
uses-feature#android.hardware.camera.autofocus
ADDED from [com.skillz.sdk:skillz-sdk-android:3.0-SNAPSHOT] AndroidManifest.xml:29:5-31:36
MERGED from [io.card:android-sdk:5.4.0] AndroidManifest.xml:17:5-19:36
	android:required
		ADDED from [com.skillz.sdk:skillz-sdk-android:3.0-SNAPSHOT] AndroidManifest.xml:31:9-33
	android:name
		ADDED from [com.skillz.sdk:skillz-sdk-android:3.0-SNAPSHOT] AndroidManifest.xml:30:9-57
uses-permission#android.permission.WAKE_LOCK
ADDED from [com.skillz.sdk:skillz-sdk-android:3.0-SNAPSHOT] AndroidManifest.xml:34:5-68
	android:name
		ADDED from [com.skillz.sdk:skillz-sdk-android:3.0-SNAPSHOT] AndroidManifest.xml:34:22-65
uses-permission#android.permission.GET_ACCOUNTS
ADDED from [com.skillz.sdk:skillz-sdk-android:3.0-SNAPSHOT] AndroidManifest.xml:35:5-71
	android:name
		ADDED from [com.skillz.sdk:skillz-sdk-android:3.0-SNAPSHOT] AndroidManifest.xml:35:22-68
uses-permission#com.google.android.c2dm.permission.RECEIVE
ADDED from [com.skillz.sdk:skillz-sdk-android:3.0-SNAPSHOT] AndroidManifest.xml:36:5-82
MERGED from [com.google.android.gms:play-services-gcm:9.2.1] AndroidManifest.xml:21:5-82
MERGED from [com.google.android.gms:play-services-iid:9.2.1] AndroidManifest.xml:21:5-82
MERGED from [com.google.android.gms:play-services-gcm:9.2.1] AndroidManifest.xml:21:5-82
MERGED from [com.google.android.gms:play-services-iid:9.2.1] AndroidManifest.xml:21:5-82
	android:name
		ADDED from [com.skillz.sdk:skillz-sdk-android:3.0-SNAPSHOT] AndroidManifest.xml:36:22-79
activity#com.skillz.activity.WelcomeActivity
ADDED from [com.skillz.sdk:skillz-sdk-android:3.0-SNAPSHOT] AndroidManifest.xml:39:9-41:66
	android:theme
		ADDED from [com.skillz.sdk:skillz-sdk-android:3.0-SNAPSHOT] AndroidManifest.xml:41:13-63
	android:name
		ADDED from [com.skillz.sdk:skillz-sdk-android:3.0-SNAPSHOT] AndroidManifest.xml:40:13-63
activity#com.skillz.activity.HomeActivity
ADDED from [com.skillz.sdk:skillz-sdk-android:3.0-SNAPSHOT] AndroidManifest.xml:42:9-45:54
	android:label
		ADDED from [com.skillz.sdk:skillz-sdk-android:3.0-SNAPSHOT] AndroidManifest.xml:44:13-60
	android:theme
		ADDED from [com.skillz.sdk:skillz-sdk-android:3.0-SNAPSHOT] AndroidManifest.xml:45:13-51
	android:name
		ADDED from [com.skillz.sdk:skillz-sdk-android:3.0-SNAPSHOT] AndroidManifest.xml:43:13-60
activity#com.skillz.activity.PLOWActivity
ADDED from [com.skillz.sdk:skillz-sdk-android:3.0-SNAPSHOT] AndroidManifest.xml:46:9-48:54
	android:theme
		ADDED from [com.skillz.sdk:skillz-sdk-android:3.0-SNAPSHOT] AndroidManifest.xml:48:13-51
	android:name
		ADDED from [com.skillz.sdk:skillz-sdk-android:3.0-SNAPSHOT] AndroidManifest.xml:47:13-60
activity#com.skillz.activity.RootedDeviceDetected
ADDED from [com.skillz.sdk:skillz-sdk-android:3.0-SNAPSHOT] AndroidManifest.xml:49:9-51:54
	android:theme
		ADDED from [com.skillz.sdk:skillz-sdk-android:3.0-SNAPSHOT] AndroidManifest.xml:51:13-51
	android:name
		ADDED from [com.skillz.sdk:skillz-sdk-android:3.0-SNAPSHOT] AndroidManifest.xml:50:13-68
service#com.paypal.android.sdk.payments.PayPalService
ADDED from [com.skillz.sdk:skillz-sdk-android:3.0-SNAPSHOT] AndroidManifest.xml:54:9-56:40
MERGED from [com.paypal.sdk:paypal-android-sdk:2.14.4] AndroidManifest.xml:23:9-25:40
	android:exported
		ADDED from [com.skillz.sdk:skillz-sdk-android:3.0-SNAPSHOT] AndroidManifest.xml:56:13-37
	android:name